<?xml version="1.0" encoding="UTF-8"?>
<foreign-source xmlns="http://xmlns.opennms.org/xsd/config/foreign-source" name="test">
    <scan-interval>2h</scan-interval>
    <detectors>
        <detector name="Citrix" class="org.opennms.netmgt.provision.detector.simple.CitrixDetector" />
        <detector name="DNS" class="org.opennms.netmgt.provision.detector.datagram.DnsDetector" />
        <detector name="DominoIIOP" class="org.opennms.netmgt.provision.detector.simple.DominoIIOPDetector" />
        <detector name="FTP" class="org.opennms.netmgt.provision.detector.simple.FtpDetector" />
        <detector name="HTTP" class="org.opennms.netmgt.provision.detector.simple.HttpDetector" />
        <detector name="HTTPS" class="org.opennms.netmgt.provision.detector.simple.HttpsDetector" />
        <detector name="ICMP" class="org.opennms.netmgt.provision.detector.icmp.IcmpDetector" />
        <detector name="IMAP" class="org.opennms.netmgt.provision.detector.simple.ImapDetector" />
        <detector name="LDAP" class="org.opennms.netmgt.provision.detector.simple.LdapDetector" />
        <detector name="NRPE" class="org.opennms.netmgt.provision.detector.simple.NrpeDetector" />
        <detector name="POP3" class="org.opennms.netmgt.provision.detector.simple.Pop3Detector" />
        <detector name="SMB" class="org.opennms.netmgt.provision.detector.smb.SmbDetector" />
        <detector name="SMTP" class="org.opennms.netmgt.provision.detector.simple.SmtpDetector" />
        <detector name="SNMP" class="org.opennms.netmgt.provision.detector.snmp.SnmpDetector" />
        <detector name="SSH" class="org.opennms.netmgt.provision.detector.ssh.SshDetector" />
    </detectors>
    <policies>
        <policy name="lower-case-node" class="org.opennms.netmgt.provision.persist.policies.NodeCategoryPolicy">
            <parameter key="label" value="~^[a-z]$" />
            <parameter key="category" value="Lower-Case-Nodes" />
        </policy>
        <policy name="all-ipinterfaces" class="org.opennms.netmgt.provision.persist.policies.InclusiveInterfacePolicy" />
        <policy name="10-ipinterfaces" class="org.opennms.netmgt.provision.persist.policies.MatchingInterfacePolicy">
        	<parameter key="ipaddress" value="~^10\..*$" />
        </policy>
        <policy name="cisco-snmp-interfaces" class="org.opennms.netmgt.provision.persist.policies.MatchingSnmpInterfacePolicy">
            <parameter key="ifdescr" value="~^(?i:LEC).*$" />
        </policy>
    </policies>
</foreign-source>
