<endpoint-types xmlns="http://xmlns.opennms.org/xsd/config/endpoint-types" endpoint-service-name="EndPoint">
	<endpoint-type name="AirPair_R3">
		<sysoid-mask>.1.3.6.1.4.1.7262.1</sysoid-mask>
		<and>
			<match-oid oid=".1.3.6.1.4.1.7262.1.19.3.1.0">^1$</match-oid>
			<match-oid oid=".1.3.6.1.4.1.7262.1.19.2.3.0">^1$</match-oid>
		</and>
	</endpoint-type>
	<endpoint-type name="Generic_Pingable">
		<sysoid-mask>.1.2.3.4</sysoid-mask>
		<pingable />
	</endpoint-type>
</endpoint-types>